2 pts: 1849 false NN (96.15%)
3 pts: 176 false NN (9.15%)
4 pts: 4 false NN (0.21%)
5 pts: 0 false NN (0.00%)
0	2 pts: smoothness 7.1 (-99.9%)
0	3 pts: smoothness 2.6 (-63.4%)
0	4 pts: smoothness 2.3 (-11.5%)
0	5 pts: smoothness 2.3 (0.0%)
Lorenz chaotic data
-------------------
     sequence length (pts)  window size (s)
FNN                      5             0.65
SMO                      4             0.52
GLR                     82            10.66
THR                     15             1.95
MAD                      8             1.04

Loading UK-DALE, building 2
Loading REFIT, building 2
Loading REFIT, building 3
Loading REFIT, building 5
Loading REFIT, building 6
Loading REFIT, building 7
Loading REFIT, building 9
Loading REFIT, building 13
Loading REFIT, building 19
2 pts: 6383 false NN (73.72%)
3 pts: 5004 false NN (57.80%)
4 pts: 2074 false NN (23.95%)
5 pts: 1315 false NN (15.19%)
6 pts: 944 false NN (10.90%)
7 pts: 797 false NN (9.21%)
8 pts: 1686 false NN (19.47%)
10 pts: 1840 false NN (21.25%)
12 pts: 1450 false NN (16.75%)
14 pts: 1203 false NN (13.89%)
16 pts: 1072 false NN (12.38%)
18 pts: 7 false NN (0.08%)
19 pts: 1043 false NN (12.05%)
21 pts: 1036 false NN (11.97%)
23 pts: 5 false NN (0.06%)
24 pts: 1 false NN (0.01%)
0	2 pts: smoothness 936743927178.1 (-16.4%)
0	3 pts: smoothness 551967236661.0 (-41.1%)
0	4 pts: smoothness 224811099499.5 (-59.3%)
0	5 pts: smoothness 49839647341.3 (-77.8%)
0	6 pts: smoothness 30602775897.0 (-38.6%)
0	7 pts: smoothness 22967390603.0 (-24.9%)
0	8 pts: smoothness 26189632062.8 (14.0%)
1	10 pts: smoothness 32645664961.5 (42.1%)
2	13 pts: smoothness 42231269712.2 (83.9%)
3	17 pts: smoothness 54860283322.0 (138.9%)
2 pts: 30371 false NN (70.68%)
3 pts: 23646 false NN (55.03%)
4 pts: 15932 false NN (37.08%)
5 pts: 11835 false NN (27.54%)
6 pts: 8074 false NN (18.79%)
7 pts: 6104 false NN (14.21%)
8 pts: 4355 false NN (10.13%)
9 pts: 3392 false NN (7.89%)
10 pts: 2659 false NN (6.19%)
11 pts: 1799 false NN (4.19%)
12 pts: 1652 false NN (3.84%)
13 pts: 1132 false NN (2.63%)
14 pts: 882 false NN (2.05%)
15 pts: 792 false NN (1.84%)
16 pts: 649 false NN (1.51%)
17 pts: 571 false NN (1.33%)
18 pts: 438 false NN (1.02%)
19 pts: 326 false NN (0.76%)
20 pts: 372 false NN (0.87%)
22 pts: 524 false NN (1.22%)
24 pts: 438 false NN (1.02%)
26 pts: 381 false NN (0.89%)
28 pts: 318 false NN (0.74%)
29 pts: 147 false NN (0.34%)
30 pts: 130 false NN (0.30%)
31 pts: 122 false NN (0.28%)
32 pts: 206 false NN (0.48%)
34 pts: 251 false NN (0.58%)
36 pts: 187 false NN (0.44%)
38 pts: 218 false NN (0.51%)
40 pts: 162 false NN (0.38%)
42 pts: 118 false NN (0.27%)
43 pts: 65 false NN (0.15%)
44 pts: 62 false NN (0.14%)
45 pts: 112 false NN (0.26%)
47 pts: 150 false NN (0.35%)
49 pts: 103 false NN (0.24%)
51 pts: 163 false NN (0.38%)
53 pts: 117 false NN (0.27%)
55 pts: 106 false NN (0.25%)
57 pts: 151 false NN (0.35%)
59 pts: 136 false NN (0.32%)
61 pts: 132 false NN (0.31%)
63 pts: 110 false NN (0.26%)
65 pts: 103 false NN (0.24%)
67 pts: 70 false NN (0.16%)
69 pts: 96 false NN (0.22%)
71 pts: 76 false NN (0.18%)
73 pts: 70 false NN (0.16%)
75 pts: 77 false NN (0.18%)
77 pts: 91 false NN (0.21%)
79 pts: 84 false NN (0.20%)
81 pts: 82 false NN (0.19%)
83 pts: 71 false NN (0.17%)
85 pts: 81 false NN (0.19%)
87 pts: 70 false NN (0.16%)
89 pts: 66 false NN (0.15%)
91 pts: 66 false NN (0.15%)
93 pts: 68 false NN (0.16%)
95 pts: 64 false NN (0.15%)
97 pts: 55 false NN (0.13%)
98 pts: 39 false NN (0.09%)
99 pts: 38 false NN (0.09%)
100 pts: 40 false NN (0.09%)
102 pts: 52 false NN (0.12%)
104 pts: 53 false NN (0.12%)
106 pts: 52 false NN (0.12%)
108 pts: 54 false NN (0.13%)
110 pts: 47 false NN (0.11%)
112 pts: 49 false NN (0.11%)
114 pts: 50 false NN (0.12%)
116 pts: 47 false NN (0.11%)
118 pts: 41 false NN (0.10%)
120 pts: 42 false NN (0.10%)
122 pts: 42 false NN (0.10%)
124 pts: 42 false NN (0.10%)
126 pts: 38 false NN (0.09%)
128 pts: 40 false NN (0.09%)
130 pts: 41 false NN (0.10%)
132 pts: 33 false NN (0.08%)
133 pts: 20 false NN (0.05%)
134 pts: 21 false NN (0.05%)
136 pts: 30 false NN (0.07%)
138 pts: 29 false NN (0.07%)
140 pts: 26 false NN (0.06%)
142 pts: 26 false NN (0.06%)
144 pts: 23 false NN (0.05%)
146 pts: 23 false NN (0.05%)
148 pts: 21 false NN (0.05%)
150 pts: 19 false NN (0.04%)
151 pts: 12 false NN (0.03%)
152 pts: 12 false NN (0.03%)
154 pts: 20 false NN (0.05%)
156 pts: 17 false NN (0.04%)
158 pts: 17 false NN (0.04%)
160 pts: 17 false NN (0.04%)
162 pts: 15 false NN (0.03%)
164 pts: 11 false NN (0.03%)
165 pts: 9 false NN (0.02%)
166 pts: 8 false NN (0.02%)
167 pts: 10 false NN (0.02%)
169 pts: 11 false NN (0.03%)
171 pts: 10 false NN (0.02%)
173 pts: 6 false NN (0.01%)
174 pts: 7 false NN (0.02%)
176 pts: 8 false NN (0.02%)
178 pts: 0 false NN (0.00%)
0	2 pts: smoothness 1029042436000.2 (69.1%)
1	4 pts: smoothness 1048495797897.4 (72.3%)
2	7 pts: smoothness 554108331342.3 (-8.9%)
0	8 pts: smoothness 441880441574.2 (-20.3%)
0	9 pts: smoothness 345996771484.6 (-21.7%)
0	10 pts: smoothness 261055295688.5 (-24.5%)
0	11 pts: smoothness 205687021576.6 (-21.2%)
0	12 pts: smoothness 153465098937.4 (-25.4%)
0	13 pts: smoothness 136108700506.2 (-11.3%)
0	14 pts: smoothness 109887414503.5 (-19.3%)
0	15 pts: smoothness 77440167394.4 (-29.5%)
0	16 pts: smoothness 60276870189.0 (-22.2%)
0	17 pts: smoothness 53689431461.0 (-10.9%)
0	18 pts: smoothness 46694791752.5 (-13.0%)
0	19 pts: smoothness 41969012930.7 (-10.1%)
0	20 pts: smoothness 36461199045.9 (-13.1%)
0	21 pts: smoothness 32728843078.7 (-10.2%)
0	22 pts: smoothness 29379529596.6 (-10.2%)
0	23 pts: smoothness 27335828479.0 (-7.0%)
0	24 pts: smoothness 25015713618.7 (-8.5%)
0	25 pts: smoothness 22309011113.2 (-10.8%)
0	26 pts: smoothness 21693938415.7 (-2.8%)
0	27 pts: smoothness 19887391480.2 (-8.3%)
0	28 pts: smoothness 16132279401.1 (-18.9%)
0	29 pts: smoothness 13535448244.3 (-16.1%)
0	30 pts: smoothness 9260993133.9 (-31.6%)
0	31 pts: smoothness 7258976177.0 (-21.6%)
0	32 pts: smoothness 7043228801.8 (-3.0%)
0	33 pts: smoothness 7148620125.8 (1.5%)
1	35 pts: smoothness 6923501837.2 (-1.7%)
0	36 pts: smoothness 7210205643.7 (4.1%)
1	38 pts: smoothness 6819103400.3 (-1.5%)
0	39 pts: smoothness 6643950170.0 (-2.6%)
0	40 pts: smoothness 6633850013.2 (-0.2%)
1	42 pts: smoothness 6522625051.0 (-1.8%)
0	43 pts: smoothness 6637934140.4 (1.8%)
1	45 pts: smoothness 6469080042.0 (-0.8%)
2	48 pts: smoothness 6253561347.3 (-4.1%)
0	49 pts: smoothness 6356737976.4 (1.6%)
1	51 pts: smoothness 5846855134.4 (-6.5%)
0	52 pts: smoothness 5633136277.4 (-3.7%)
0	53 pts: smoothness 5375231444.0 (-4.6%)
0	54 pts: smoothness 5707343071.4 (6.2%)
1	56 pts: smoothness 5475091656.1 (1.9%)
2	59 pts: smoothness 4785544681.8 (-11.0%)
0	60 pts: smoothness 4332542603.9 (-9.5%)
0	61 pts: smoothness 4506737939.0 (4.0%)
1	63 pts: smoothness 4334644993.9 (0.0%)
2	66 pts: smoothness 3793135277.3 (-12.5%)
0	67 pts: smoothness 3770359705.0 (-0.6%)
1	69 pts: smoothness 3167346091.8 (-16.5%)
0	70 pts: smoothness 3209798208.4 (1.3%)
1	72 pts: smoothness 2877876570.4 (-9.1%)
0	73 pts: smoothness 2718602663.8 (-5.5%)
0	74 pts: smoothness 2659305485.6 (-2.2%)
0	75 pts: smoothness 2583225286.2 (-2.9%)
0	76 pts: smoothness 2560833694.5 (-0.9%)
1	78 pts: smoothness 2153999536.5 (-16.6%)
0	79 pts: smoothness 2015744168.6 (-6.4%)
0	80 pts: smoothness 1808339671.7 (-10.3%)
0	81 pts: smoothness 1742770684.1 (-3.6%)
0	82 pts: smoothness 1619316318.7 (-7.1%)
0	83 pts: smoothness 1498728323.8 (-7.4%)
0	84 pts: smoothness 1362435615.0 (-9.1%)
0	85 pts: smoothness 1294469611.7 (-5.0%)
0	86 pts: smoothness 1161729721.1 (-10.3%)
0	87 pts: smoothness 1039012270.3 (-10.6%)
0	88 pts: smoothness 946812223.3 (-8.9%)
0	89 pts: smoothness 789877138.3 (-16.6%)
0	90 pts: smoothness 685110242.0 (-13.3%)
0	91 pts: smoothness 521926617.6 (-23.8%)
0	92 pts: smoothness 356900642.7 (-31.6%)
0	93 pts: smoothness 189807317.7 (-46.8%)
0	94 pts: smoothness 474.0 (-100.0%)
0	95 pts: smoothness 471.3 (-0.6%)
1	97 pts: smoothness 464.0 (-2.1%)
0	98 pts: smoothness 460.9 (-0.7%)
1	100 pts: smoothness 453.1 (-2.3%)
0	101 pts: smoothness 450.3 (-0.6%)
1	103 pts: smoothness 444.0 (-2.0%)
0	104 pts: smoothness 441.2 (-0.6%)
1	106 pts: smoothness 436.5 (-1.7%)
0	107 pts: smoothness 434.8 (-0.4%)
1	109 pts: smoothness 431.7 (-1.1%)
0	110 pts: smoothness 430.5 (-0.3%)
1	112 pts: smoothness 426.6 (-1.2%)
0	113 pts: smoothness 424.1 (-0.6%)
1	115 pts: smoothness 419.5 (-1.7%)
0	116 pts: smoothness 417.7 (-0.4%)
1	118 pts: smoothness 414.2 (-1.3%)
0	119 pts: smoothness 412.1 (-0.5%)
1	121 pts: smoothness 409.1 (-1.2%)
0	122 pts: smoothness 408.1 (-0.2%)
1	124 pts: smoothness 405.8 (-0.8%)
2	127 pts: smoothness 401.3 (-1.9%)
0	128 pts: smoothness 399.4 (-0.5%)
1	130 pts: smoothness 394.8 (-1.6%)
0	131 pts: smoothness 393.8 (-0.3%)
1	133 pts: smoothness 390.7 (-1.0%)
0	134 pts: smoothness 387.9 (-0.7%)
1	136 pts: smoothness 384.1 (-1.7%)
0	137 pts: smoothness 382.5 (-0.4%)
1	139 pts: smoothness 379.3 (-1.2%)
0	140 pts: smoothness 376.9 (-0.6%)
1	142 pts: smoothness 372.0 (-1.9%)
0	143 pts: smoothness 369.9 (-0.6%)
1	145 pts: smoothness 364.6 (-2.0%)
0	146 pts: smoothness 363.2 (-0.4%)
1	148 pts: smoothness 359.4 (-1.4%)
0	149 pts: smoothness 356.9 (-0.7%)
1	151 pts: smoothness 352.0 (-2.1%)
0	152 pts: smoothness 349.2 (-0.8%)
1	154 pts: smoothness 344.9 (-2.0%)
0	155 pts: smoothness 342.3 (-0.8%)
1	157 pts: smoothness 338.3 (-1.9%)
0	158 pts: smoothness 336.6 (-0.5%)
1	160 pts: smoothness 334.2 (-1.2%)
0	161 pts: smoothness 332.7 (-0.4%)
1	163 pts: smoothness 330.1 (-1.2%)
0	164 pts: smoothness 329.0 (-0.3%)
1	166 pts: smoothness 327.0 (-0.9%)
2	169 pts: smoothness 323.0 (-2.2%)
0	170 pts: smoothness 321.6 (-0.4%)
1	172 pts: smoothness 319.0 (-1.2%)
0	173 pts: smoothness 317.8 (-0.4%)
1	175 pts: smoothness 316.4 (-0.8%)
2	178 pts: smoothness 316.4 (-0.8%)
3	182 pts: smoothness 314.9 (-1.3%)
0	183 pts: smoothness 314.4 (-0.2%)
1	185 pts: smoothness 314.0 (-0.3%)
2	188 pts: smoothness 312.9 (-0.6%)
3	192 pts: smoothness 307.7 (-2.3%)
0	193 pts: smoothness 306.6 (-0.4%)
1	195 pts: smoothness 304.8 (-0.9%)
2	198 pts: smoothness 301.9 (-1.9%)
0	199 pts: smoothness 300.6 (-0.4%)
1	201 pts: smoothness 299.3 (-0.9%)
2	204 pts: smoothness 296.3 (-1.9%)
0	205 pts: smoothness 295.1 (-0.4%)
1	207 pts: smoothness 293.3 (-1.0%)
0	208 pts: smoothness 291.9 (-0.5%)
1	210 pts: smoothness 289.8 (-1.2%)
0	211 pts: smoothness 289.1 (-0.2%)
1	213 pts: smoothness 288.1 (-0.6%)
2	216 pts: smoothness 286.1 (-1.3%)
0	217 pts: smoothness 285.2 (-0.3%)
1	219 pts: smoothness 284.2 (-0.7%)
2	222 pts: smoothness 283.3 (-1.0%)
3	226 pts: smoothness 280.5 (-2.0%)
0	227 pts: smoothness 280.3 (-0.1%)
1	229 pts: smoothness 279.0 (-0.5%)
2	232 pts: smoothness 275.8 (-1.7%)
0	233 pts: smoothness 274.8 (-0.4%)
1	235 pts: smoothness 273.0 (-1.0%)
0	236 pts: smoothness 272.3 (-0.3%)
1	238 pts: smoothness 270.7 (-0.8%)
2	241 pts: smoothness 269.3 (-1.4%)
0	242 pts: smoothness 268.5 (-0.3%)
1	244 pts: smoothness 267.1 (-0.8%)
2	247 pts: smoothness 265.0 (-1.6%)
0	248 pts: smoothness 264.0 (-0.4%)
1	250 pts: smoothness 261.7 (-1.2%)
0	251 pts: smoothness 260.7 (-0.4%)
1	253 pts: smoothness 259.0 (-1.0%)
0	254 pts: smoothness 258.3 (-0.3%)
1	256 pts: smoothness 257.5 (-0.6%)
2	259 pts: smoothness 254.6 (-1.7%)
0	260 pts: smoothness 254.0 (-0.2%)
1	262 pts: smoothness 252.2 (-0.9%)
2	265 pts: smoothness 251.0 (-1.4%)
0	266 pts: smoothness 251.1 (0.0%)
1	268 pts: smoothness 249.4 (-0.6%)
2	271 pts: smoothness 246.6 (-1.8%)
0	272 pts: smoothness 245.9 (-0.3%)
1	274 pts: smoothness 244.4 (-0.9%)
2	277 pts: smoothness 240.2 (-2.6%)
0	278 pts: smoothness 239.4 (-0.3%)
1	280 pts: smoothness 237.8 (-1.0%)
2	283 pts: smoothness 235.9 (-1.8%)
0	284 pts: smoothness 235.2 (-0.3%)
1	286 pts: smoothness 233.7 (-0.9%)
2	289 pts: smoothness 232.1 (-1.6%)
0	290 pts: smoothness 231.1 (-0.4%)
1	292 pts: smoothness 230.0 (-0.9%)
2	295 pts: smoothness 228.0 (-1.8%)
0	296 pts: smoothness 227.4 (-0.3%)
1	298 pts: smoothness 226.6 (-0.6%)
2	301 pts: smoothness 224.7 (-1.4%)
0	302 pts: smoothness 224.1 (-0.3%)
1	304 pts: smoothness 222.5 (-1.0%)
2	307 pts: smoothness 219.9 (-2.1%)
0	308 pts: smoothness 219.1 (-0.4%)
1	310 pts: smoothness 217.4 (-1.1%)
0	311 pts: smoothness 216.6 (-0.4%)
1	313 pts: smoothness 214.8 (-1.2%)
0	314 pts: smoothness 214.1 (-0.3%)
1	316 pts: smoothness 212.9 (-0.9%)
2	319 pts: smoothness 211.0 (-1.8%)
0	320 pts: smoothness 210.4 (-0.3%)
1	322 pts: smoothness 209.3 (-0.8%)
2	325 pts: smoothness 207.0 (-1.9%)
0	326 pts: smoothness 206.4 (-0.3%)
1	328 pts: smoothness 205.0 (-1.0%)
2	331 pts: smoothness 202.9 (-2.0%)
0	332 pts: smoothness 202.2 (-0.3%)
1	334 pts: smoothness 200.5 (-1.2%)
0	335 pts: smoothness 199.7 (-0.4%)
1	337 pts: smoothness 197.9 (-1.3%)
0	338 pts: smoothness 197.0 (-0.5%)
1	340 pts: smoothness 195.3 (-1.3%)
0	341 pts: smoothness 194.7 (-0.3%)
1	343 pts: smoothness 193.1 (-1.1%)
0	344 pts: smoothness 192.4 (-0.4%)
1	346 pts: smoothness 190.9 (-1.1%)
0	347 pts: smoothness 190.1 (-0.4%)
1	349 pts: smoothness 188.5 (-1.3%)
0	350 pts: smoothness 187.7 (-0.4%)
1	352 pts: smoothness 186.1 (-1.3%)
0	353 pts: smoothness 185.4 (-0.4%)
1	355 pts: smoothness 183.9 (-1.2%)
0	356 pts: smoothness 182.8 (-0.6%)
1	358 pts: smoothness 181.2 (-1.5%)
0	359 pts: smoothness 180.3 (-0.5%)
1	361 pts: smoothness 178.8 (-1.3%)
0	362 pts: smoothness 177.8 (-0.6%)
1	364 pts: smoothness 175.9 (-1.6%)
0	365 pts: smoothness 174.9 (-0.6%)
1	367 pts: smoothness 173.4 (-1.4%)
0	368 pts: smoothness 172.6 (-0.5%)
1	370 pts: smoothness 171.0 (-1.4%)
0	371 pts: smoothness 170.1 (-0.5%)
1	373 pts: smoothness 168.4 (-1.5%)
0	374 pts: smoothness 167.7 (-0.4%)
1	376 pts: smoothness 166.4 (-1.2%)
0	377 pts: smoothness 165.7 (-0.4%)
1	379 pts: smoothness 164.4 (-1.2%)
0	380 pts: smoothness 163.7 (-0.4%)
1	382 pts: smoothness 162.3 (-1.3%)
0	383 pts: smoothness 161.7 (-0.4%)
1	385 pts: smoothness 160.5 (-1.1%)
0	386 pts: smoothness 159.9 (-0.4%)
1	388 pts: smoothness 158.8 (-1.1%)
0	389 pts: smoothness 158.4 (-0.3%)
1	391 pts: smoothness 157.3 (-0.9%)
2	394 pts: smoothness 156.0 (-1.8%)
0	395 pts: smoothness 155.5 (-0.3%)
1	397 pts: smoothness 154.6 (-0.9%)
2	400 pts: smoothness 153.0 (-1.9%)
0	401 pts: smoothness 152.3 (-0.5%)
1	403 pts: smoothness 151.2 (-1.2%)
0	404 pts: smoothness 150.4 (-0.5%)
1	406 pts: smoothness 149.3 (-1.3%)
0	407 pts: smoothness 148.9 (-0.3%)
1	409 pts: smoothness 148.0 (-0.9%)
2	412 pts: smoothness 146.6 (-1.8%)
0	413 pts: smoothness 146.0 (-0.4%)
1	415 pts: smoothness 145.0 (-1.1%)
0	416 pts: smoothness 144.4 (-0.4%)
1	418 pts: smoothness 143.3 (-1.2%)
0	419 pts: smoothness 142.8 (-0.3%)
1	421 pts: smoothness 141.7 (-1.1%)
0	422 pts: smoothness 141.2 (-0.4%)
1	424 pts: smoothness 140.2 (-1.1%)
0	425 pts: smoothness 139.8 (-0.3%)
1	427 pts: smoothness 138.7 (-1.1%)
0	428 pts: smoothness 138.3 (-0.3%)
1	430 pts: smoothness 137.3 (-1.0%)
0	431 pts: smoothness 136.9 (-0.3%)
1	433 pts: smoothness 135.9 (-1.0%)
0	434 pts: smoothness 135.5 (-0.3%)
1	436 pts: smoothness 134.7 (-0.9%)
2	439 pts: smoothness 133.3 (-1.9%)
0	440 pts: smoothness 132.9 (-0.3%)
1	442 pts: smoothness 131.5 (-1.4%)
0	443 pts: smoothness 130.8 (-0.5%)
1	445 pts: smoothness 129.8 (-1.3%)
0	446 pts: smoothness 129.2 (-0.5%)
1	448 pts: smoothness 128.2 (-1.2%)
0	449 pts: smoothness 127.7 (-0.4%)
1	451 pts: smoothness 126.7 (-1.2%)
0	452 pts: smoothness 126.1 (-0.5%)
1	454 pts: smoothness 124.9 (-1.4%)
0	455 pts: smoothness 124.2 (-0.6%)
1	457 pts: smoothness 123.2 (-1.4%)
0	458 pts: smoothness 122.7 (-0.4%)
1	460 pts: smoothness 121.9 (-1.1%)
0	461 pts: smoothness 121.4 (-0.4%)
1	463 pts: smoothness 120.5 (-1.1%)
0	464 pts: smoothness 120.0 (-0.4%)
1	466 pts: smoothness 119.2 (-1.1%)
0	467 pts: smoothness 118.9 (-0.3%)
1	469 pts: smoothness 118.0 (-1.0%)
0	470 pts: smoothness 117.5 (-0.4%)
1	472 pts: smoothness 116.6 (-1.2%)
0	473 pts: smoothness 116.1 (-0.4%)
1	475 pts: smoothness 115.1 (-1.3%)
0	476 pts: smoothness 114.6 (-0.4%)
1	478 pts: smoothness 113.5 (-1.4%)
0	479 pts: smoothness 112.9 (-0.5%)
1	481 pts: smoothness 112.1 (-1.2%)
0	482 pts: smoothness 111.7 (-0.4%)
1	484 pts: smoothness 110.8 (-1.2%)
0	485 pts: smoothness 110.4 (-0.4%)
1	487 pts: smoothness 109.5 (-1.2%)
0	488 pts: smoothness 109.1 (-0.4%)
1	490 pts: smoothness 108.4 (-1.0%)
0	491 pts: smoothness 108.0 (-0.4%)
1	493 pts: smoothness 107.2 (-1.1%)
0	494 pts: smoothness 106.9 (-0.3%)
1	496 pts: smoothness 106.0 (-1.1%)
0	497 pts: smoothness 105.5 (-0.5%)
1	499 pts: smoothness 104.6 (-1.3%)
0	500 pts: smoothness 104.1 (-0.5%)
1	502 pts: smoothness 103.1 (-1.4%)
0	503 pts: smoothness 102.5 (-0.6%)
1	505 pts: smoothness 101.7 (-1.4%)
0	506 pts: smoothness 101.2 (-0.5%)
1	508 pts: smoothness 100.3 (-1.4%)
0	509 pts: smoothness 99.9 (-0.4%)
1	511 pts: smoothness 99.0 (-1.3%)
0	512 pts: smoothness 98.6 (-0.4%)
1	514 pts: smoothness 97.8 (-1.2%)
0	515 pts: smoothness 97.4 (-0.4%)
1	517 pts: smoothness 96.6 (-1.2%)
0	518 pts: smoothness 96.3 (-0.3%)
1	520 pts: smoothness 95.4 (-1.2%)
0	521 pts: smoothness 95.0 (-0.4%)
1	523 pts: smoothness 94.1 (-1.4%)
0	524 pts: smoothness 93.6 (-0.5%)
1	526 pts: smoothness 92.7 (-1.5%)
0	527 pts: smoothness 92.2 (-0.5%)
1	529 pts: smoothness 91.3 (-1.5%)
0	530 pts: smoothness 90.7 (-0.7%)
1	532 pts: smoothness 89.7 (-1.8%)
0	533 pts: smoothness 89.2 (-0.6%)
1	535 pts: smoothness 88.2 (-1.7%)
0	536 pts: smoothness 87.6 (-0.7%)
1	538 pts: smoothness 86.5 (-1.9%)
0	539 pts: smoothness 86.0 (-0.6%)
1	541 pts: smoothness 85.0 (-1.7%)
0	542 pts: smoothness 84.5 (-0.6%)
1	544 pts: smoothness 83.4 (-1.9%)
0	545 pts: smoothness 82.9 (-0.6%)
1	547 pts: smoothness 82.0 (-1.7%)
0	548 pts: smoothness 81.6 (-0.5%)
1	550 pts: smoothness 80.7 (-1.6%)
0	551 pts: smoothness 80.3 (-0.5%)
1	553 pts: smoothness 79.4 (-1.6%)
0	554 pts: smoothness 79.0 (-0.5%)
1	556 pts: smoothness 78.1 (-1.6%)
0	557 pts: smoothness 77.7 (-0.5%)
1	559 pts: smoothness 76.9 (-1.5%)
0	560 pts: smoothness 76.3 (-0.8%)
1	562 pts: smoothness 75.2 (-2.2%)
0	563 pts: smoothness 74.7 (-0.7%)
1	565 pts: smoothness 73.7 (-2.0%)
0	566 pts: smoothness 73.1 (-0.8%)
1	568 pts: smoothness 72.1 (-2.2%)
0	569 pts: smoothness 71.6 (-0.7%)
1	571 pts: smoothness 70.5 (-2.2%)
0	572 pts: smoothness 70.1 (-0.6%)
1	574 pts: smoothness 69.1 (-2.0%)
0	575 pts: smoothness 68.6 (-0.7%)
1	577 pts: smoothness 67.7 (-2.0%)
0	578 pts: smoothness 67.3 (-0.6%)
1	580 pts: smoothness 66.5 (-1.8%)
0	581 pts: smoothness 66.2 (-0.5%)
1	583 pts: smoothness 65.5 (-1.5%)
0	584 pts: smoothness 65.1 (-0.6%)
1	586 pts: smoothness 64.4 (-1.7%)
0	587 pts: smoothness 64.1 (-0.5%)
1	589 pts: smoothness 63.4 (-1.6%)
0	590 pts: smoothness 63.1 (-0.5%)
1	592 pts: smoothness 62.4 (-1.6%)
0	593 pts: smoothness 62.0 (-0.6%)
1	595 pts: smoothness 61.1 (-2.1%)
0	596 pts: smoothness 60.8 (-0.5%)
1	598 pts: smoothness 60.0 (-1.8%)
0	599 pts: smoothness 59.6 (-0.7%)
1	601 pts: smoothness 58.9 (-1.8%)
0	602 pts: smoothness 58.5 (-0.7%)
1	604 pts: smoothness 58.0 (-1.5%)
0	605 pts: smoothness 57.7 (-0.5%)
1	607 pts: smoothness 57.2 (-1.4%)
0	608 pts: smoothness 56.9 (-0.5%)
1	610 pts: smoothness 56.4 (-1.4%)
0	611 pts: smoothness 56.1 (-0.5%)
1	613 pts: smoothness 55.6 (-1.4%)
0	614 pts: smoothness 55.4 (-0.4%)
1	616 pts: smoothness 54.8 (-1.4%)
0	617 pts: smoothness 54.6 (-0.4%)
1	619 pts: smoothness 54.1 (-1.3%)
0	620 pts: smoothness 53.8 (-0.6%)
1	622 pts: smoothness 53.3 (-1.5%)
0	623 pts: smoothness 53.0 (-0.6%)
1	625 pts: smoothness 52.5 (-1.5%)
0	626 pts: smoothness 52.2 (-0.6%)
1	628 pts: smoothness 51.8 (-1.3%)
0	629 pts: smoothness 51.5 (-0.6%)
1	631 pts: smoothness 51.1 (-1.4%)
0	632 pts: smoothness 50.9 (-0.4%)
1	634 pts: smoothness 50.4 (-1.4%)
0	635 pts: smoothness 50.2 (-0.4%)
1	637 pts: smoothness 49.8 (-1.2%)
0	638 pts: smoothness 49.6 (-0.4%)
1	640 pts: smoothness 49.3 (-1.0%)
0	641 pts: smoothness 49.0 (-0.6%)
1	643 pts: smoothness 48.3 (-2.0%)
0	644 pts: smoothness 48.0 (-0.6%)
1	646 pts: smoothness 47.4 (-1.9%)
0	647 pts: smoothness 47.0 (-0.8%)
1	649 pts: smoothness 46.3 (-2.3%)
0	650 pts: smoothness 45.9 (-0.9%)
1	652 pts: smoothness 45.2 (-2.4%)
0	653 pts: smoothness 44.9 (-0.7%)
1	655 pts: smoothness 44.2 (-2.2%)
0	656 pts: smoothness 44.0 (-0.5%)
1	658 pts: smoothness 43.4 (-1.8%)
0	659 pts: smoothness 43.2 (-0.5%)
1	661 pts: smoothness 42.7 (-1.6%)
0	662 pts: smoothness 42.4 (-0.7%)
1	664 pts: smoothness 41.9 (-1.9%)
0	665 pts: smoothness 41.7 (-0.5%)
1	667 pts: smoothness 41.2 (-1.7%)
0	668 pts: smoothness 41.0 (-0.5%)
1	670 pts: smoothness 40.5 (-1.7%)
0	671 pts: smoothness 40.3 (-0.5%)
1	673 pts: smoothness 39.8 (-1.7%)
0	674 pts: smoothness 39.6 (-0.5%)
1	676 pts: smoothness 39.1 (-1.8%)
0	677 pts: smoothness 38.9 (-0.5%)
1	679 pts: smoothness 38.4 (-1.8%)
0	680 pts: smoothness 38.2 (-0.5%)
1	682 pts: smoothness 37.8 (-1.6%)
0	683 pts: smoothness 37.6 (-0.5%)
1	685 pts: smoothness 37.1 (-1.9%)
0	686 pts: smoothness 36.9 (-0.5%)
1	688 pts: smoothness 36.5 (-1.6%)
0	689 pts: smoothness 36.3 (-0.5%)
1	691 pts: smoothness 35.8 (-1.9%)
0	692 pts: smoothness 35.6 (-0.6%)
1	694 pts: smoothness 35.2 (-1.7%)
0	695 pts: smoothness 35.0 (-0.6%)
1	697 pts: smoothness 34.5 (-2.0%)
0	698 pts: smoothness 34.3 (-0.6%)
1	700 pts: smoothness 33.9 (-1.7%)
0	701 pts: smoothness 33.7 (-0.6%)
1	703 pts: smoothness 33.3 (-1.8%)
0	704 pts: smoothness 33.1 (-0.6%)
1	706 pts: smoothness 32.6 (-2.1%)
0	707 pts: smoothness 32.4 (-0.6%)
1	709 pts: smoothness 32.0 (-1.8%)
0	710 pts: smoothness 31.7 (-0.9%)
1	712 pts: smoothness 31.3 (-2.2%)
0	713 pts: smoothness 31.1 (-0.6%)
1	715 pts: smoothness 30.7 (-1.9%)
0	716 pts: smoothness 30.5 (-0.7%)
1	718 pts: smoothness 30.1 (-2.0%)
0	719 pts: smoothness 29.9 (-0.7%)
1	721 pts: smoothness 29.5 (-2.0%)
0	722 pts: smoothness 29.3 (-0.7%)
1	724 pts: smoothness 28.9 (-2.0%)
0	725 pts: smoothness 28.7 (-0.7%)
1	727 pts: smoothness 28.3 (-2.1%)
0	728 pts: smoothness 28.2 (-0.4%)
1	730 pts: smoothness 27.8 (-1.8%)
0	731 pts: smoothness 27.6 (-0.7%)
1	733 pts: smoothness 27.3 (-1.8%)
0	734 pts: smoothness 27.1 (-0.7%)
1	736 pts: smoothness 26.8 (-1.8%)
0	737 pts: smoothness 26.6 (-0.7%)
1	739 pts: smoothness 26.3 (-1.9%)
0	740 pts: smoothness 26.1 (-0.8%)
1	742 pts: smoothness 25.8 (-1.9%)
0	743 pts: smoothness 25.7 (-0.4%)
1	745 pts: smoothness 25.4 (-1.6%)
0	746 pts: smoothness 25.2 (-0.8%)
1	748 pts: smoothness 24.9 (-2.0%)
0	749 pts: smoothness 24.8 (-0.4%)
1	751 pts: smoothness 24.5 (-1.6%)
0	752 pts: smoothness 24.4 (-0.4%)
1	754 pts: smoothness 24.1 (-1.6%)
0	755 pts: smoothness 24.0 (-0.4%)
1	757 pts: smoothness 23.8 (-1.2%)
0	758 pts: smoothness 23.7 (-0.4%)
1	760 pts: smoothness 23.5 (-1.3%)
0	761 pts: smoothness 23.3 (-0.9%)
1	763 pts: smoothness 23.1 (-1.7%)
0	764 pts: smoothness 23.0 (-0.4%)
1	766 pts: smoothness 22.7 (-1.7%)
0	767 pts: smoothness 22.6 (-0.4%)
1	769 pts: smoothness 22.4 (-1.3%)
0	770 pts: smoothness 22.3 (-0.4%)
1	772 pts: smoothness 22.1 (-1.3%)
0	773 pts: smoothness 22.0 (-0.5%)
1	775 pts: smoothness 21.8 (-1.4%)
0	776 pts: smoothness 21.7 (-0.5%)
1	778 pts: smoothness 21.5 (-1.4%)
0	779 pts: smoothness 21.4 (-0.5%)
1	781 pts: smoothness 21.2 (-1.4%)
0	782 pts: smoothness 21.2 (0.0%)
1	784 pts: smoothness 21.0 (-0.9%)
2	787 pts: smoothness 20.8 (-1.9%)
0	788 pts: smoothness 20.7 (-0.5%)
1	790 pts: smoothness 20.6 (-1.0%)
2	793 pts: smoothness 20.4 (-1.9%)
0	794 pts: smoothness 20.4 (0.0%)
1	796 pts: smoothness 20.2 (-1.0%)
2	799 pts: smoothness 20.0 (-2.0%)
0	800 pts: smoothness 20.0 (0.0%)
1	802 pts: smoothness 19.8 (-1.0%)
2	805 pts: smoothness 19.6 (-2.0%)
0	806 pts: smoothness 19.6 (0.0%)
1	808 pts: smoothness 19.4 (-1.0%)
0	809 pts: smoothness 19.4 (0.0%)
1	811 pts: smoothness 19.2 (-1.0%)
0	812 pts: smoothness 19.2 (0.0%)
1	814 pts: smoothness 19.0 (-1.0%)
0	815 pts: smoothness 19.0 (0.0%)
1	817 pts: smoothness 18.8 (-1.1%)
0	818 pts: smoothness 18.8 (0.0%)
1	820 pts: smoothness 18.7 (-0.5%)
2	823 pts: smoothness 18.6 (-1.1%)
0	824 pts: smoothness 18.5 (-0.5%)
1	826 pts: smoothness 18.4 (-1.1%)
0	827 pts: smoothness 18.4 (0.0%)
1	829 pts: smoothness 18.3 (-0.5%)
2	832 pts: smoothness 18.2 (-1.1%)
0	833 pts: smoothness 18.2 (0.0%)
1	835 pts: smoothness 18.1 (-0.5%)
2	838 pts: smoothness 18.0 (-1.1%)
0	839 pts: smoothness 17.9 (-0.6%)
1	841 pts: smoothness 17.8 (-1.1%)
0	842 pts: smoothness 17.8 (0.0%)
1	844 pts: smoothness 17.7 (-0.6%)
2	847 pts: smoothness 17.6 (-1.1%)
0	848 pts: smoothness 17.6 (0.0%)
1	850 pts: smoothness 17.5 (-0.6%)
2	853 pts: smoothness 17.4 (-1.1%)
0	854 pts: smoothness 17.4 (0.0%)
1	856 pts: smoothness 17.3 (-0.6%)
2	859 pts: smoothness 17.3 (-0.6%)
3	863 pts: smoothness 17.1 (-1.7%)
0	864 pts: smoothness 17.1 (0.0%)
1	866 pts: smoothness 17.0 (-0.6%)
2	869 pts: smoothness 16.9 (-1.2%)
0	870 pts: smoothness 16.9 (0.0%)
1	872 pts: smoothness 16.8 (-0.6%)
2	875 pts: smoothness 16.7 (-1.2%)
0	876 pts: smoothness 16.6 (-0.6%)
1	878 pts: smoothness 16.6 (-0.6%)
2	881 pts: smoothness 16.4 (-1.8%)
0	882 pts: smoothness 16.4 (0.0%)
1	884 pts: smoothness 16.3 (-0.6%)
2	887 pts: smoothness 16.2 (-1.2%)
0	888 pts: smoothness 16.1 (-0.6%)
1	890 pts: smoothness 16.1 (-0.6%)
2	893 pts: smoothness 16.0 (-1.2%)
0	894 pts: smoothness 16.0 (0.0%)
1	896 pts: smoothness 15.9 (-0.6%)
2	899 pts: smoothness 15.9 (-0.6%)
3	903 pts: smoothness 15.8 (-1.2%)
0	904 pts: smoothness 15.8 (0.0%)
1	906 pts: smoothness 15.7 (-0.6%)
2	909 pts: smoothness 15.7 (-0.6%)
3	913 pts: smoothness 15.6 (-1.3%)
0	914 pts: smoothness 15.6 (0.0%)
1	916 pts: smoothness 15.5 (-0.6%)
2	919 pts: smoothness 15.5 (-0.6%)
3	923 pts: smoothness 15.4 (-1.3%)
0	924 pts: smoothness 15.4 (0.0%)
1	926 pts: smoothness 15.3 (-0.6%)
2	929 pts: smoothness 15.3 (-0.6%)
3	933 pts: smoothness 15.2 (-1.3%)
0	934 pts: smoothness 15.2 (0.0%)
1	936 pts: smoothness 15.1 (-0.7%)
2	939 pts: smoothness 15.1 (-0.7%)
3	943 pts: smoothness 15.0 (-1.3%)
0	944 pts: smoothness 15.0 (0.0%)
1	946 pts: smoothness 15.0 (0.0%)
2	949 pts: smoothness 14.9 (-0.7%)
3	953 pts: smoothness 14.9 (-0.7%)
2 pts: 22137 false NN (81.10%)
3 pts: 15052 false NN (55.14%)
4 pts: 6824 false NN (25.00%)
5 pts: 3033 false NN (11.11%)
6 pts: 2199 false NN (8.06%)
7 pts: 1673 false NN (6.13%)
8 pts: 462 false NN (1.69%)
9 pts: 1471 false NN (5.39%)
11 pts: 511 false NN (1.87%)
13 pts: 1360 false NN (4.98%)
15 pts: 301 false NN (1.10%)
16 pts: 205 false NN (0.75%)
17 pts: 50 false NN (0.18%)
18 pts: 75 false NN (0.27%)
20 pts: 1094 false NN (4.01%)
22 pts: 187 false NN (0.69%)
24 pts: 979 false NN (3.59%)
26 pts: 1024 false NN (3.75%)
28 pts: 101 false NN (0.37%)
30 pts: 987 false NN (3.62%)
32 pts: 1041 false NN (3.81%)
34 pts: 87 false NN (0.32%)
36 pts: 970 false NN (3.55%)
38 pts: 122 false NN (0.45%)
40 pts: 59 false NN (0.22%)
42 pts: 111 false NN (0.41%)
44 pts: 106 false NN (0.39%)
46 pts: 939 false NN (3.44%)
48 pts: 897 false NN (3.29%)
50 pts: 57 false NN (0.21%)
52 pts: 975 false NN (3.57%)
54 pts: 935 false NN (3.43%)
56 pts: 920 false NN (3.37%)
58 pts: 37 false NN (0.14%)
59 pts: 6 false NN (0.02%)
60 pts: 44 false NN (0.16%)
62 pts: 909 false NN (3.33%)
64 pts: 915 false NN (3.35%)
66 pts: 933 false NN (3.42%)
68 pts: 58 false NN (0.21%)
70 pts: 53 false NN (0.19%)
72 pts: 916 false NN (3.36%)
74 pts: 884 false NN (3.24%)
76 pts: 19 false NN (0.07%)
78 pts: 876 false NN (3.21%)
80 pts: 34 false NN (0.12%)
82 pts: 886 false NN (3.25%)
84 pts: 878 false NN (3.22%)
86 pts: 873 false NN (3.20%)
88 pts: 856 false NN (3.14%)
90 pts: 15 false NN (0.05%)
92 pts: 857 false NN (3.14%)
94 pts: 6 false NN (0.02%)
96 pts: 847 false NN (3.10%)
98 pts: 845 false NN (3.10%)
100 pts: 841 false NN (3.08%)
102 pts: 838 false NN (3.07%)
104 pts: 3 false NN (0.01%)
105 pts: 2 false NN (0.01%)
106 pts: 1 false NN (0.00%)
0	2 pts: smoothness 1135640209220.4 (10.5%)
1	4 pts: smoothness 302514022308.9 (-70.6%)
0	5 pts: smoothness 200522217429.9 (-33.7%)
0	6 pts: smoothness 118773089474.5 (-40.8%)
0	7 pts: smoothness 126831068747.0 (6.8%)
1	9 pts: smoothness 187340897091.3 (57.7%)
2	12 pts: smoothness 230319518513.1 (93.9%)
3	16 pts: smoothness 473336621048.3 (298.5%)
NILM data
---------
kettle
     sequence length (pts)  window size (s)
FNN                     24              168
SMO                      7               49
GLR                   1162             8134
THR                     19              133
MAD                    228             1596

dish washer
     sequence length (pts)  window size (s)
FNN                    178             1246
SMO                    943             6601
GLR                   1972            13804
THR                    879             6153
MAD                    528             3696

washing machine
     sequence length (pts)  window size (s)
FNN                    106              742
SMO                      6               42
GLR                   1688            11816
THR                    400             2800
MAD                    983             6881

Loading records for p01
Loading records for p03
Loading records for p05
Loading records for p07
Loading records for p09
Loading records for p11
Loading records for p13
Loading records for p15
Loading records for p17
Loading records for p19
Loading records for p21
Loading records for p23
Loading records for p25
Loading records for p27
Loading records for p29
Loading records for p31
Loading records for p33
Loading records for p35
Loading records for p37
Loading records for p39
Loading records for p41
Loading records for p43
Loading records for p45
Loading records for p47
Loading records for p49
2 pts: 64592 false NN (91.48%)
3 pts: 59507 false NN (84.28%)
4 pts: 44500 false NN (63.03%)
5 pts: 29475 false NN (41.75%)
6 pts: 17352 false NN (24.58%)
7 pts: 8987 false NN (12.73%)
8 pts: 4465 false NN (6.32%)
9 pts: 2344 false NN (3.32%)
10 pts: 1388 false NN (1.97%)
11 pts: 890 false NN (1.26%)
12 pts: 592 false NN (0.84%)
13 pts: 413 false NN (0.58%)
14 pts: 302 false NN (0.43%)
15 pts: 237 false NN (0.34%)
16 pts: 180 false NN (0.25%)
17 pts: 130 false NN (0.18%)
18 pts: 107 false NN (0.15%)
19 pts: 98 false NN (0.14%)
20 pts: 82 false NN (0.12%)
21 pts: 60 false NN (0.08%)
22 pts: 62 false NN (0.09%)
24 pts: 90 false NN (0.13%)
26 pts: 69 false NN (0.10%)
28 pts: 44 false NN (0.06%)
29 pts: 33 false NN (0.05%)
30 pts: 28 false NN (0.04%)
31 pts: 29 false NN (0.04%)
33 pts: 42 false NN (0.06%)
35 pts: 37 false NN (0.05%)
37 pts: 30 false NN (0.04%)
39 pts: 26 false NN (0.04%)
40 pts: 17 false NN (0.02%)
41 pts: 15 false NN (0.02%)
42 pts: 15 false NN (0.02%)
44 pts: 26 false NN (0.04%)
46 pts: 25 false NN (0.04%)
48 pts: 21 false NN (0.03%)
50 pts: 21 false NN (0.03%)
52 pts: 21 false NN (0.03%)
54 pts: 20 false NN (0.03%)
56 pts: 19 false NN (0.03%)
58 pts: 18 false NN (0.03%)
60 pts: 16 false NN (0.02%)
62 pts: 13 false NN (0.02%)
63 pts: 7 false NN (0.01%)
0       2 pts: smoothness 254425969.5 (9.8%)
1       4 pts: smoothness 80120669.6 (-65.4%)
0       5 pts: smoothness 41554542.1 (-48.1%)
0       6 pts: smoothness 16245078.3 (-60.9%)
0       7 pts: smoothness 7039061.9 (-56.7%)
0       8 pts: smoothness 1359657.8 (-80.7%)
0       9 pts: smoothness 509871.7 (-62.5%)
0       10 pts: smoothness 0.0 (-100.0%)
Atrial fibrillation data
------------------------
     sequence length (pts)
FNN                     63
SMO                     10
GLR                    197
THR                     63
MAD                     92

